-------------------------------------------------------------------------------
Test set: pl.pjatk.wojture.WojtureApplicationTests
-------------------------------------------------------------------------------
Tests run: 1, Failures: 0, Errors: 1, Skipped: 0, Time elapsed: 2.249 s <<< FAILURE! - in pl.pjatk.wojture.WojtureApplicationTests
contextLoads  Time elapsed: 0 s  <<< ERROR!
java.lang.IllegalStateException: Failed to load ApplicationContext
Caused by: org.springframework.beans.factory.UnsatisfiedDependencyException: Error creating bean with name 'mySecondComponent' defined in file [C:\STUDIA_4_SEM\JAZ\wojture\target\classes\pl\pjatk\wojture\MySecondComponent.class]: Unsatisfied dependency expressed through constructor parameter 5; nested exception is org.springframework.beans.factory.NoSuchBeanDefinitionException: No qualifying bean of type 'pl.pjatk.wojture.MyHomeworkClass' available: expected at least 1 bean which qualifies as autowire candidate. Dependency annotations: {}
Caused by: org.springframework.beans.factory.NoSuchBeanDefinitionException: No qualifying bean of type 'pl.pjatk.wojture.MyHomeworkClass' available: expected at least 1 bean which qualifies as autowire candidate. Dependency annotations: {}

